\BOOKMARK [0][-]{chapter.1}{\376\377\000I\000n\000t\000r\000o\000d\000u\000c\000t\000i\000o\000n}{}% 1
\BOOKMARK [1][-]{section.1.1}{\376\377\000O\000v\000e\000r\000v\000i\000e\000w}{chapter.1}% 2
\BOOKMARK [1][-]{section.1.2}{\376\377\000R\000e\000c\000e\000n\000t\000\040\000T\000r\000e\000n\000d\000s\000\040\000i\000n\000\040\000S\000o\000f\000t\000w\000a\000r\000e\000\040\000D\000e\000v\000e\000l\000o\000p\000m\000e\000n\000t}{chapter.1}% 3
\BOOKMARK [2][-]{subsection.1.2.1}{\376\377\000I\000n\000t\000e\000r\000o\000p\000e\000r\000a\000b\000i\000l\000i\000t\000y\000,\000\040\000A\000b\000s\000t\000r\000a\000c\000t\000i\000o\000n\000,\000\040\000M\000o\000d\000u\000l\000a\000r\000i\000t\000y}{section.1.2}% 4
\BOOKMARK [2][-]{subsection.1.2.2}{\376\377\000U\000s\000e\000r\000\040\000E\000x\000p\000e\000r\000i\000e\000n\000c\000e\000\040\000T\000r\000e\000n\000d\000s}{section.1.2}% 5
\BOOKMARK [1][-]{section.1.3}{\376\377\000R\000e\000c\000e\000n\000t\000\040\000T\000r\000e\000n\000d\000s\000\040\000i\000n\000\040\000A\000u\000d\000i\000o\000\040\000T\000e\000c\000h\000n\000o\000l\000o\000g\000i\000e\000s}{chapter.1}% 6
\BOOKMARK [1][-]{section.1.4}{\376\377\000R\000e\000c\000e\000n\000t\000\040\000T\000r\000e\000n\000d\000s\000\040\000i\000n\000\040\000G\000a\000m\000e\000s\000\040\000D\000e\000v\000e\000l\000o\000p\000m\000e\000n\000t}{chapter.1}% 7
\BOOKMARK [1][-]{section.1.5}{\376\377\000R\000e\000A\000L\000\040\000S\000o\000u\000n\000d\000:\000\040\000T\000o\000w\000a\000r\000d\000s\000\040\000a\000\040\000M\000o\000r\000e\000\040\000U\000n\000i\000v\000e\000r\000s\000a\000l\000\040\000A\000c\000c\000e\000s\000s\000i\000b\000i\000l\000i\000t\000y\000\040\000D\000e\000s\000i\000g\000n}{chapter.1}% 8
\BOOKMARK [1][-]{section.1.6}{\376\377\000C\000o\000n\000c\000l\000u\000s\000i\000o\000n}{chapter.1}% 9
\BOOKMARK [0][-]{chapter.2}{\376\377\000L\000i\000t\000e\000r\000a\000t\000u\000r\000e\000\040\000R\000e\000v\000i\000e\000w}{}% 10
\BOOKMARK [1][-]{section.2.1}{\376\377\000C\000o\000m\000p\000u\000t\000e\000r\000\040\000V\000i\000s\000i\000o\000n}{chapter.2}% 11
\BOOKMARK [2][-]{subsection.2.1.1}{\376\377\000I\000m\000a\000g\000e\000\040\000P\000r\000o\000c\000e\000s\000s\000i\000n\000g\000\040\000a\000n\000d\000\040\000A\000n\000a\000l\000y\000s\000i\000s}{section.2.1}% 12
\BOOKMARK [2][-]{subsection.2.1.2}{\376\377\000A\000I\000\040\000\046\000\040\000M\000a\000c\000h\000i\000n\000e\000\040\000L\000e\000a\000r\000n\000i\000n\000g}{section.2.1}% 13
\BOOKMARK [1][-]{section.2.2}{\376\377\000S\000p\000a\000t\000i\000a\000l\000\040\000A\000u\000d\000i\000o}{chapter.2}% 14
\BOOKMARK [1][-]{section.2.3}{\376\377\000G\000a\000m\000e\000s}{chapter.2}% 15
\BOOKMARK [2][-]{subsection.2.3.1}{\376\377\000G\000a\000m\000e\000s\000\040\000a\000n\000d\000\040\000A\000c\000c\000e\000s\000s\000i\000b\000i\000l\000i\000t\000y}{section.2.3}% 16
\BOOKMARK [2][-]{subsection.2.3.2}{\376\377\000G\000a\000m\000e\000s\000\040\000a\000n\000d\000\040\000A\000u\000d\000i\000f\000i\000c\000a\000t\000i\000o\000n}{section.2.3}% 17
\BOOKMARK [2][-]{subsection.2.3.3}{\376\377\000G\000a\000m\000e\000s\000\040\000a\000n\000d\000\040\000C\000o\000m\000p\000u\000t\000e\000r\000\040\000V\000i\000s\000i\000o\000n}{section.2.3}% 18
\BOOKMARK [2][-]{subsection.2.3.4}{\376\377\000R\000e\000l\000a\000t\000e\000d\000\040\000W\000o\000r\000k}{section.2.3}% 19
\BOOKMARK [2][-]{subsection.2.3.5}{\376\377\000C\000o\000n\000c\000l\000u\000s\000i\000o\000n}{section.2.3}% 20
\BOOKMARK [0][-]{chapter.3}{\376\377\000R\000e\000A\000L\000\040\000S\000o\000u\000n\000d}{}% 21
\BOOKMARK [1][-]{section.3.1}{\376\377\000P\000r\000o\000p\000o\000s\000a\000l}{chapter.3}% 22
\BOOKMARK [1][-]{section.3.2}{\376\377\000C\000o\000n\000c\000e\000p\000t\000s}{chapter.3}% 23
\BOOKMARK [2][-]{subsection.3.2.1}{\376\377\000A\000n\000a\000t\000o\000m\000y\000\040\000o\000f\000\040\000a\000\040\000G\000a\000m\000e}{section.3.2}% 24
\BOOKMARK [2][-]{subsection.3.2.2}{\376\377\000S\000t\000a\000t\000e\000\040\000M\000o\000d\000e\000l\000s}{section.3.2}% 25
\BOOKMARK [2][-]{subsection.3.2.3}{\376\377\000H\000o\000w\000\040\000P\000l\000a\000y\000e\000r\000s\000\040\000U\000n\000d\000e\000r\000s\000t\000a\000n\000d\000\040\000G\000a\000m\000e\000s}{section.3.2}% 26
\BOOKMARK [2][-]{subsection.3.2.4}{\376\377\000V\000i\000s\000u\000a\000l\000\040\000A\000n\000a\000l\000y\000s\000i\000s\000\040\000o\000f\000\040\000a\000\040\000G\000a\000m\000e}{section.3.2}% 27
\BOOKMARK [1][-]{section.3.3}{\376\377\000S\000t\000r\000u\000c\000t\000u\000r\000a\000l\000\040\000O\000u\000t\000l\000i\000n\000e}{chapter.3}% 28
\BOOKMARK [2][-]{subsection.3.3.1}{\376\377\000O\000v\000e\000r\000v\000i\000e\000w}{section.3.3}% 29
\BOOKMARK [2][-]{subsection.3.3.2}{\376\377\000V\000i\000s\000i\000o\000n\000\040\000L\000a\000y\000e\000r}{section.3.3}% 30
\BOOKMARK [2][-]{subsection.3.3.3}{\376\377\000D\000e\000c\000i\000s\000i\000o\000n\000\040\000L\000a\000y\000e\000r}{section.3.3}% 31
\BOOKMARK [2][-]{subsection.3.3.4}{\376\377\000A\000u\000d\000i\000f\000i\000c\000a\000t\000i\000o\000n\000\040\000L\000a\000y\000e\000r}{section.3.3}% 32
\BOOKMARK [2][-]{subsection.3.3.5}{\376\377\000S\000u\000m\000m\000a\000r\000y}{section.3.3}% 33
\BOOKMARK [1][-]{section.3.4}{\376\377\000I\000m\000p\000l\000e\000m\000e\000n\000t\000a\000t\000i\000o\000n\000\040\000P\000r\000o\000c\000e\000s\000s}{chapter.3}% 34
\BOOKMARK [2][-]{subsection.3.4.1}{\376\377\000O\000v\000e\000r\000v\000i\000e\000w}{section.3.4}% 35
\BOOKMARK [2][-]{subsection.3.4.2}{\376\377\000P\000l\000a\000n\000n\000i\000n\000g}{section.3.4}% 36
\BOOKMARK [2][-]{subsection.3.4.3}{\376\377\000T\000r\000a\000i\000n\000i\000n\000g}{section.3.4}% 37
\BOOKMARK [2][-]{subsection.3.4.4}{\376\377\000D\000e\000s\000i\000g\000n}{section.3.4}% 38
\BOOKMARK [2][-]{subsection.3.4.5}{\376\377\000E\000x\000e\000c\000u\000t\000i\000o\000n}{section.3.4}% 39
\BOOKMARK [2][-]{subsection.3.4.6}{\376\377\000C\000o\000n\000c\000l\000u\000s\000i\000o\000n}{section.3.4}% 40
\BOOKMARK [1][-]{section.3.5}{\376\377\000T\000h\000e\000\040\000E\000n\000d\000\040\000U\000s\000e\000r\000\040\000E\000x\000p\000e\000r\000i\000e\000n\000c\000e}{chapter.3}% 41
\BOOKMARK [1][-]{section.3.6}{\376\377\000C\000o\000n\000c\000l\000u\000s\000i\000o\000n}{chapter.3}% 42
\BOOKMARK [0][-]{chapter.4}{\376\377\000S\000a\000m\000p\000l\000e\000\040\000I\000m\000p\000l\000e\000m\000e\000n\000t\000a\000t\000i\000o\000n\000\040\000o\000f\000\040\000R\000e\000A\000L\000\040\000S\000o\000u\000n\000d}{}% 43
\BOOKMARK [1][-]{section.4.1}{\376\377\000L\000a\000n\000g\000u\000a\000g\000e\000s\000,\000\040\000T\000o\000o\000l\000s\000,\000\040\000a\000n\000d\000\040\000F\000r\000a\000m\000e\000w\000o\000r\000k\000s}{chapter.4}% 44
\BOOKMARK [1][-]{section.4.2}{\376\377\000C\000h\000o\000o\000s\000i\000n\000g\000\040\000a\000\040\000T\000a\000r\000g\000e\000t\000\040\000G\000a\000m\000e}{chapter.4}% 45
\BOOKMARK [1][-]{section.4.3}{\376\377\000P\000o\000n\000g\000:\000\040\000A\000\040\000W\000o\000r\000k\000e\000d\000\040\000D\000e\000m\000o\000n\000s\000t\000r\000a\000t\000i\000o\000n}{chapter.4}% 46
\BOOKMARK [1][-]{section.4.4}{\376\377\000E\000x\000a\000m\000i\000n\000i\000n\000g\000\040\000o\000u\000r\000\040\000I\000m\000p\000l\000e\000m\000e\000n\000t\000a\000t\000i\000o\000n}{chapter.4}% 47
\BOOKMARK [0][-]{chapter.5}{\376\377\000E\000x\000p\000e\000r\000i\000m\000e\000n\000t\000s}{}% 48
\BOOKMARK [1][-]{section.5.1}{\376\377\000A\000\040\000N\000o\000t\000e\000\040\000o\000n\000\040\000E\000x\000p\000e\000r\000i\000m\000e\000n\000t\000s}{chapter.5}% 49
\BOOKMARK [1][-]{section.5.2}{\376\377\000P\000o\000n\000g\000\040\000D\000e\000m\000o\000n\000s\000t\000r\000a\000t\000i\000o\000n}{chapter.5}% 50
\BOOKMARK [2][-]{subsection.5.2.1}{\376\377\000R\000e\000s\000u\000l\000t\000s}{section.5.2}% 51
\BOOKMARK [0][-]{chapter.6}{\376\377\000C\000o\000n\000c\000l\000u\000s\000i\000o\000n\000s}{}% 52
\BOOKMARK [1][-]{section.6.1}{\376\377\000L\000i\000m\000i\000t\000a\000t\000i\000o\000n\000s}{chapter.6}% 53
\BOOKMARK [1][-]{section.6.2}{\376\377\000F\000u\000t\000u\000r\000e\000\040\000W\000o\000r\000k}{chapter.6}% 54
\BOOKMARK [1][-]{section.6.3}{\376\377\000T\000h\000a\000n\000k\000s}{chapter.6}% 55
