This is pdfTeX, Version 3.141592653-2.6-1.40.25 (MiKTeX 24.1) (preloaded format=pdflatex 2024.12.26)  15 JAN 2025 13:17
entering extended mode
 restricted \write18 enabled.
 file:line:error style messages enabled.
 %&-line parsing enabled.
**c:/Users/cloud/source/repos/ReALSound/Thesis/main.tex
(c:/Users/cloud/source/repos/ReALSound/Thesis/main.tex
LaTeX2e <2023-11-01> patch level 1
L3 programming layer <2024-01-04>
(C:\Program Files\MiKTeX\tex/latex/base\report.cls
Document Class: report 2023/05/17 v1.4n Standard LaTeX document class
(C:\Program Files\MiKTeX\tex/latex/base\size10.clo
File: size10.clo 2023/05/17 v1.4n Standard LaTeX file (size option)
)
\c@part=\count187
\c@chapter=\count188
\c@section=\count189
\c@subsection=\count190
\c@subsubsection=\count191
\c@paragraph=\count192
\c@subparagraph=\count193
\c@figure=\count194
\c@table=\count195
\abovecaptionskip=\skip48
\belowcaptionskip=\skip49
\bibindent=\dimen140
) (C:\Program Files\MiKTeX\tex/latex/amsmath\amsmath.sty
Package: amsmath 2023/05/13 v2.17o AMS math features
\@mathmargin=\skip50

For additional information on amsmath, use the `?' option.
(C:\Program Files\MiKTeX\tex/latex/amsmath\amstext.sty
Package: amstext 2021/08/26 v2.01 AMS text
 (C:\Program Files\MiKTeX\tex/latex/amsmath\amsgen.sty
File: amsgen.sty 1999/11/30 v2.0 generic functions
\@emptytoks=\toks17
\ex@=\dimen141
)) (C:\Program Files\MiKTeX\tex/latex/amsmath\amsbsy.sty
Package: amsbsy 1999/11/29 v1.2d Bold Symbols
\pmbraise@=\dimen142
) (C:\Program Files\MiKTeX\tex/latex/amsmath\amsopn.sty
Package: amsopn 2022/04/08 v2.04 operator names
)
\inf@bad=\count196
LaTeX Info: Redefining \frac on input line 234.
\uproot@=\count197
\leftroot@=\count198
LaTeX Info: Redefining \overline on input line 399.
LaTeX Info: Redefining \colon on input line 410.
\classnum@=\count199
\DOTSCASE@=\count266
LaTeX Info: Redefining \ldots on input line 496.
LaTeX Info: Redefining \dots on input line 499.
LaTeX Info: Redefining \cdots on input line 620.
\Mathstrutbox@=\box51
\strutbox@=\box52
LaTeX Info: Redefining \big on input line 722.
LaTeX Info: Redefining \Big on input line 723.
LaTeX Info: Redefining \bigg on input line 724.
LaTeX Info: Redefining \Bigg on input line 725.
\big@size=\dimen143
LaTeX Font Info:    Redeclaring font encoding OML on input line 743.
LaTeX Font Info:    Redeclaring font encoding OMS on input line 744.
\macc@depth=\count267
LaTeX Info: Redefining \bmod on input line 905.
LaTeX Info: Redefining \pmod on input line 910.
LaTeX Info: Redefining \smash on input line 940.
LaTeX Info: Redefining \relbar on input line 970.
LaTeX Info: Redefining \Relbar on input line 971.
\c@MaxMatrixCols=\count268
\dotsspace@=\muskip16
\c@parentequation=\count269
\dspbrk@lvl=\count270
\tag@help=\toks18
\row@=\count271
\column@=\count272
\maxfields@=\count273
\andhelp@=\toks19
\eqnshift@=\dimen144
\alignsep@=\dimen145
\tagshift@=\dimen146
\tagwidth@=\dimen147
\totwidth@=\dimen148
\lineht@=\dimen149
\@envbody=\toks20
\multlinegap=\skip51
\multlinetaggap=\skip52
\mathdisplay@stack=\toks21
LaTeX Info: Redefining \[ on input line 2953.
LaTeX Info: Redefining \] on input line 2954.
) (C:\Program Files\MiKTeX\tex/latex/base\inputenc.sty
Package: inputenc 2021/02/14 v1.3d Input encoding file
\inpenc@prehook=\toks22
\inpenc@posthook=\toks23
) (C:\Program Files\MiKTeX\tex/latex/hyperref\hyperref.sty
Package: hyperref 2023-11-26 v7.01g Hypertext links for LaTeX
 (C:\Program Files\MiKTeX\tex/generic/iftex\iftex.sty
Package: iftex 2022/02/03 v1.0f TeX engine tests
) (C:\Program Files\MiKTeX\tex/generic/infwarerr\infwarerr.sty
Package: infwarerr 2019/12/03 v1.5 Providing info/warning/error messages (HO)
) (C:\Program Files\MiKTeX\tex/latex/graphics\keyval.sty
Package: keyval 2022/05/29 v1.15 key=value parser (DPC)
\KV@toks@=\toks24
) (C:\Program Files\MiKTeX\tex/latex/kvsetkeys\kvsetkeys.sty
Package: kvsetkeys 2022-10-05 v1.19 Key value parser (HO)
) (C:\Program Files\MiKTeX\tex/generic/kvdefinekeys\kvdefinekeys.sty
Package: kvdefinekeys 2019-12-19 v1.6 Define keys (HO)
) (C:\Program Files\MiKTeX\tex/generic/pdfescape\pdfescape.sty
Package: pdfescape 2019/12/09 v1.15 Implements pdfTeX's escape features (HO)
 (C:\Program Files\MiKTeX\tex/generic/ltxcmds\ltxcmds.sty
Package: ltxcmds 2023-12-04 v1.26 LaTeX kernel commands for general use (HO)
) (C:\Program Files\MiKTeX\tex/generic/pdftexcmds\pdftexcmds.sty
Package: pdftexcmds 2020-06-27 v0.33 Utility functions of pdfTeX for LuaTeX (HO)
Package pdftexcmds Info: \pdf@primitive is available.
Package pdftexcmds Info: \pdf@ifprimitive is available.
Package pdftexcmds Info: \pdfdraftmode found.
)) (C:\Program Files\MiKTeX\tex/latex/hycolor\hycolor.sty
Package: hycolor 2020-01-27 v1.10 Color options for hyperref/bookmark (HO)
) (C:\Program Files\MiKTeX\tex/latex/letltxmacro\letltxmacro.sty
Package: letltxmacro 2019/12/03 v1.6 Let assignment for LaTeX macros (HO)
) (C:\Program Files\MiKTeX\tex/latex/auxhook\auxhook.sty
Package: auxhook 2019-12-17 v1.6 Hooks for auxiliary files (HO)
) (C:\Program Files\MiKTeX\tex/latex/hyperref\nameref.sty
Package: nameref 2023-11-26 v2.56 Cross-referencing by name of section
 (C:\Program Files\MiKTeX\tex/latex/refcount\refcount.sty
Package: refcount 2019/12/15 v3.6 Data extraction from label references (HO)
) (C:\Program Files\MiKTeX\tex/generic/gettitlestring\gettitlestring.sty
Package: gettitlestring 2019/12/15 v1.6 Cleanup title references (HO)
 (C:\Program Files\MiKTeX\tex/latex/kvoptions\kvoptions.sty
Package: kvoptions 2022-06-15 v3.15 Key value format for package options (HO)
))
\c@section@level=\count274
) (C:\Program Files\MiKTeX\tex/latex/etoolbox\etoolbox.sty
Package: etoolbox 2020/10/05 v2.5k e-TeX tools for LaTeX (JAW)
\etb@tempcnta=\count275
)
\@linkdim=\dimen150
\Hy@linkcounter=\count276
\Hy@pagecounter=\count277
 (C:\Program Files\MiKTeX\tex/latex/hyperref\pd1enc.def
File: pd1enc.def 2023-11-26 v7.01g Hyperref: PDFDocEncoding definition (HO)
Now handling font encoding PD1 ...
... no UTF-8 mapping file for font encoding PD1
) (C:\Program Files\MiKTeX\tex/generic/intcalc\intcalc.sty
Package: intcalc 2019/12/15 v1.3 Expandable calculations with integers (HO)
)
\Hy@SavedSpaceFactor=\count278
 (C:\Program Files\MiKTeX\tex/latex/hyperref\puenc.def
File: puenc.def 2023-11-26 v7.01g Hyperref: PDF Unicode definition (HO)
Now handling font encoding PU ...
... no UTF-8 mapping file for font encoding PU
)
Package hyperref Info: Hyper figures OFF on input line 4181.
Package hyperref Info: Link nesting OFF on input line 4186.
Package hyperref Info: Hyper index ON on input line 4189.
Package hyperref Info: Plain pages OFF on input line 4196.
Package hyperref Info: Backreferencing OFF on input line 4201.
Package hyperref Info: Implicit mode ON; LaTeX internals redefined.
Package hyperref Info: Bookmarks ON on input line 4448.
\c@Hy@tempcnt=\count279
 (C:\Program Files\MiKTeX\tex/latex/url\url.sty
\Urlmuskip=\muskip17
Package: url 2013/09/16  ver 3.4  Verb mode for urls, etc.
)
LaTeX Info: Redefining \url on input line 4786.
\XeTeXLinkMargin=\dimen151
 (C:\Program Files\MiKTeX\tex/generic/bitset\bitset.sty
Package: bitset 2019/12/09 v1.3 Handle bit-vector datatype (HO)
 (C:\Program Files\MiKTeX\tex/generic/bigintcalc\bigintcalc.sty
Package: bigintcalc 2019/12/15 v1.5 Expandable calculations on big integers (HO)
))
\Fld@menulength=\count280
\Field@Width=\dimen152
\Fld@charsize=\dimen153
Package hyperref Info: Hyper figures OFF on input line 6065.
Package hyperref Info: Link nesting OFF on input line 6070.
Package hyperref Info: Hyper index ON on input line 6073.
Package hyperref Info: backreferencing OFF on input line 6080.
Package hyperref Info: Link coloring OFF on input line 6085.
Package hyperref Info: Link coloring with OCG OFF on input line 6090.
Package hyperref Info: PDF/A mode OFF on input line 6095.
 (C:\Program Files\MiKTeX\tex/latex/base\atbegshi-ltx.sty
Package: atbegshi-ltx 2021/01/10 v1.0c Emulation of the original atbegshi
package with kernel methods
)
\Hy@abspage=\count281
\c@Item=\count282
\c@Hfootnote=\count283
)
Package hyperref Info: Driver (autodetected): hpdftex.
 (C:\Program Files\MiKTeX\tex/latex/hyperref\hpdftex.def
File: hpdftex.def 2023-11-26 v7.01g Hyperref driver for pdfTeX
 (C:\Program Files\MiKTeX\tex/latex/base\atveryend-ltx.sty
Package: atveryend-ltx 2020/08/19 v1.0a Emulation of the original atveryend package
with kernel methods
)
\Fld@listcount=\count284
\c@bookmark@seq@number=\count285
 (C:\Program Files\MiKTeX\tex/latex/rerunfilecheck\rerunfilecheck.sty
Package: rerunfilecheck 2022-07-10 v1.10 Rerun checks for auxiliary files (HO)
 (C:\Program Files\MiKTeX\tex/generic/uniquecounter\uniquecounter.sty
Package: uniquecounter 2019/12/15 v1.4 Provide unlimited unique counter (HO)
)
Package uniquecounter Info: New unique counter `rerunfilecheck' on input line 285.
)
\Hy@SectionHShift=\skip53
) (C:\Program Files\MiKTeX\tex/latex/graphics\graphicx.sty
Package: graphicx 2021/09/16 v1.2d Enhanced LaTeX Graphics (DPC,SPQR)
 (C:\Program Files\MiKTeX\tex/latex/graphics\graphics.sty
Package: graphics 2022/03/10 v1.4e Standard LaTeX Graphics (DPC,SPQR)
 (C:\Program Files\MiKTeX\tex/latex/graphics\trig.sty
Package: trig 2021/08/11 v1.11 sin cos tan (DPC)
) (C:\Program Files\MiKTeX\tex/latex/graphics-cfg\graphics.cfg
File: graphics.cfg 2016/06/04 v1.11 sample graphics configuration
)
Package graphics Info: Driver file: pdftex.def on input line 107.
 (C:\Program Files\MiKTeX\tex/latex/graphics-def\pdftex.def
File: pdftex.def 2022/09/22 v1.2b Graphics/color driver for pdftex
))
\Gin@req@height=\dimen154
\Gin@req@width=\dimen155
) (C:\Program Files\MiKTeX\tex/latex/listings\listings.sty
\lst@mode=\count286
\lst@gtempboxa=\box53
\lst@token=\toks25
\lst@length=\count287
\lst@currlwidth=\dimen156
\lst@column=\count288
\lst@pos=\count289
\lst@lostspace=\dimen157
\lst@width=\dimen158
\lst@newlines=\count290
\lst@lineno=\count291
\lst@maxwidth=\dimen159
 (C:\Program Files\MiKTeX\tex/latex/listings\lstmisc.sty
File: lstmisc.sty 2023/02/27 1.9 (Carsten Heinz)
\c@lstnumber=\count292
\lst@skipnumbers=\count293
\lst@framebox=\box54
) (C:\Program Files\MiKTeX\tex/latex/listings\listings.cfg
File: listings.cfg 2023/02/27 1.9 listings configuration
))
Package: listings 2023/02/27 1.9 (Carsten Heinz)
 (C:\Program Files\MiKTeX\tex/latex/tocbibind\tocbibind.sty
Package: tocbibind 2010/10/13 v1.5k extra ToC listings
Package tocbibind Info: The document has chapter divisions on input line 50.


Package tocbibind Note: Using chapter style headings, unless overridden.

) (C:\Program Files\MiKTeX\tex/latex/tools\xspace.sty
Package: xspace 2014/10/28 v1.13 Space after command names (DPC,MH)
) (C:\Program Files\MiKTeX\tex/latex/biblatex\biblatex.sty
Package: biblatex 2023/03/05 v3.19 programmable bibliographies (PK/MW)
 (C:\Program Files\MiKTeX\tex/latex/logreq\logreq.sty
Package: logreq 2010/08/04 v1.0 xml request logger
\lrq@indent=\count294
 (C:\Program Files\MiKTeX\tex/latex/logreq\logreq.def
File: logreq.def 2010/08/04 v1.0 logreq spec v1.0
)) (C:\Program Files\MiKTeX\tex/latex/base\ifthen.sty
Package: ifthen 2022/04/13 v1.1d Standard LaTeX ifthen package (DPC)
)
\c@tabx@nest=\count295
\c@listtotal=\count296
\c@listcount=\count297
\c@liststart=\count298
\c@liststop=\count299
\c@citecount=\count300
\c@citetotal=\count301
\c@multicitecount=\count302
\c@multicitetotal=\count303
\c@instcount=\count304
\c@maxnames=\count305
\c@minnames=\count306
\c@maxitems=\count307
\c@minitems=\count308
\c@citecounter=\count309
\c@maxcitecounter=\count310
\c@savedcitecounter=\count311
\c@uniquelist=\count312
\c@uniquename=\count313
\c@refsection=\count314
\c@refsegment=\count315
\c@maxextratitle=\count316
\c@maxextratitleyear=\count317
\c@maxextraname=\count318
\c@maxextradate=\count319
\c@maxextraalpha=\count320
\c@abbrvpenalty=\count321
\c@highnamepenalty=\count322
\c@lownamepenalty=\count323
\c@maxparens=\count324
\c@parenlevel=\count325
\blx@tempcnta=\count326
\blx@tempcntb=\count327
\blx@tempcntc=\count328
\c@blx@maxsection=\count329
\blx@maxsegment@0=\count330
\blx@notetype=\count331
\blx@parenlevel@text=\count332
\blx@parenlevel@foot=\count333
\blx@sectionciteorder@0=\count334
\blx@sectionciteorderinternal@0=\count335
\blx@entrysetcounter=\count336
\blx@biblioinstance=\count337
\labelnumberwidth=\skip54
\labelalphawidth=\skip55
\biblabelsep=\skip56
\bibitemsep=\skip57
\bibnamesep=\skip58
\bibinitsep=\skip59
\bibparsep=\skip60
\bibhang=\skip61
\blx@bcfin=\read2
\blx@bcfout=\write3
\blx@langwohyphens=\language79
\c@mincomprange=\count338
\c@maxcomprange=\count339
\c@mincompwidth=\count340
Package biblatex Info: Trying to load biblatex default data model...
Package biblatex Info: ... file 'blx-dm.def' found.
 (C:\Program Files\MiKTeX\tex/latex/biblatex\blx-dm.def
File: blx-dm.def 2023/03/05 v3.19 biblatex localization (PK/MW)
)
Package biblatex Info: Trying to load biblatex custom data model...
Package biblatex Info: ... file 'biblatex-dm.cfg' not found.
\c@afterword=\count341
\c@savedafterword=\count342
\c@annotator=\count343
\c@savedannotator=\count344
\c@author=\count345
\c@savedauthor=\count346
\c@bookauthor=\count347
\c@savedbookauthor=\count348
\c@commentator=\count349
\c@savedcommentator=\count350
\c@editor=\count351
\c@savededitor=\count352
\c@editora=\count353
\c@savededitora=\count354
\c@editorb=\count355
\c@savededitorb=\count356
\c@editorc=\count357
\c@savededitorc=\count358
\c@foreword=\count359
\c@savedforeword=\count360
\c@holder=\count361
\c@savedholder=\count362
\c@introduction=\count363
\c@savedintroduction=\count364
\c@namea=\count365
\c@savednamea=\count366
\c@nameb=\count367
\c@savednameb=\count368
\c@namec=\count369
\c@savednamec=\count370
\c@translator=\count371
\c@savedtranslator=\count372
\c@shortauthor=\count373
\c@savedshortauthor=\count374
\c@shorteditor=\count375
\c@savedshorteditor=\count376
\c@labelname=\count377
\c@savedlabelname=\count378
\c@institution=\count379
\c@savedinstitution=\count380
\c@lista=\count381
\c@savedlista=\count382
\c@listb=\count383
\c@savedlistb=\count384
\c@listc=\count385
\c@savedlistc=\count386
\c@listd=\count387
\c@savedlistd=\count388
\c@liste=\count389
\c@savedliste=\count390
\c@listf=\count391
\c@savedlistf=\count392
\c@location=\count393
\c@savedlocation=\count394
\c@organization=\count395
\c@savedorganization=\count396
\c@origlocation=\count397
\c@savedoriglocation=\count398
\c@origpublisher=\count399
\c@savedorigpublisher=\count400
\c@publisher=\count401
\c@savedpublisher=\count402
\c@language=\count403
\c@savedlanguage=\count404
\c@origlanguage=\count405
\c@savedoriglanguage=\count406
\c@pageref=\count407
\c@savedpageref=\count408
\shorthandwidth=\skip62
\shortjournalwidth=\skip63
\shortserieswidth=\skip64
\shorttitlewidth=\skip65
\shortauthorwidth=\skip66
\shorteditorwidth=\skip67
\locallabelnumberwidth=\skip68
\locallabelalphawidth=\skip69
\localshorthandwidth=\skip70
\localshortjournalwidth=\skip71
\localshortserieswidth=\skip72
\localshorttitlewidth=\skip73
\localshortauthorwidth=\skip74
\localshorteditorwidth=\skip75
Package biblatex Info: Trying to load compatibility code...
Package biblatex Info: ... file 'blx-compat.def' found.
 (C:\Program Files\MiKTeX\tex/latex/biblatex\blx-compat.def
File: blx-compat.def 2023/03/05 v3.19 biblatex compatibility (PK/MW)
)
Package biblatex Info: Trying to load generic definitions...
Package biblatex Info: ... file 'biblatex.def' found.
 (C:\Program Files\MiKTeX\tex/latex/biblatex\biblatex.def
File: biblatex.def 2023/03/05 v3.19 biblatex compatibility (PK/MW)
\c@textcitecount=\count409
\c@textcitetotal=\count410
\c@textcitemaxnames=\count411
\c@biburlbigbreakpenalty=\count412
\c@biburlbreakpenalty=\count413
\c@biburlnumpenalty=\count414
\c@biburlucpenalty=\count415
\c@biburllcpenalty=\count416
\biburlbigskip=\muskip18
\biburlnumskip=\muskip19
\biburlucskip=\muskip20
\biburllcskip=\muskip21
\c@smartand=\count417
)
Package biblatex Info: Trying to load bibliography style 'numeric'...
Package biblatex Info: ... file 'numeric.bbx' found.
 (C:\Program Files\MiKTeX\tex/latex/biblatex/bbx\numeric.bbx
File: numeric.bbx 2023/03/05 v3.19 biblatex bibliography style (PK/MW)
Package biblatex Info: Trying to load bibliography style 'standard'...
Package biblatex Info: ... file 'standard.bbx' found.
 (C:\Program Files\MiKTeX\tex/latex/biblatex/bbx\standard.bbx
File: standard.bbx 2023/03/05 v3.19 biblatex bibliography style (PK/MW)
\c@bbx:relatedcount=\count418
\c@bbx:relatedtotal=\count419
))
Package biblatex Info: Trying to load citation style 'numeric'...
Package biblatex Info: ... file 'numeric.cbx' found.
 (C:\Program Files\MiKTeX\tex/latex/biblatex/cbx\numeric.cbx
File: numeric.cbx 2023/03/05 v3.19 biblatex citation style (PK/MW)
Package biblatex Info: Redefining '\cite'.
Package biblatex Info: Redefining '\parencite'.
Package biblatex Info: Redefining '\footcite'.
Package biblatex Info: Redefining '\footcitetext'.
Package biblatex Info: Redefining '\smartcite'.
Package biblatex Info: Redefining '\supercite'.
Package biblatex Info: Redefining '\textcite'.
Package biblatex Info: Redefining '\textcites'.
Package biblatex Info: Redefining '\cites'.
Package biblatex Info: Redefining '\parencites'.
Package biblatex Info: Redefining '\smartcites'.
)
Package biblatex Info: Trying to load configuration file...
Package biblatex Info: ... file 'biblatex.cfg' found.
 (C:\Program Files\MiKTeX\tex/latex/biblatex\biblatex.cfg
File: biblatex.cfg 
)
Package biblatex Info: Input encoding 'utf8' detected.
Package biblatex Info: Document encoding is UTF8 ....
 (C:\Program Files\MiKTeX\tex/latex/l3kernel\expl3.sty
Package: expl3 2024-01-04 L3 programming layer (loader) 
 (C:\Program Files\MiKTeX\tex/latex/l3backend\l3backend-pdftex.def
File: l3backend-pdftex.def 2024-01-04 L3 backend support: PDF output (pdfTeX)
\l__color_backend_stack_int=\count420
\l__pdf_internal_box=\box55
))
Package biblatex Info: ... and expl3
(biblatex)             2024-01-04 L3 programming layer (loader) 
(biblatex)             is new enough (at least 2020/04/06),
(biblatex)             setting 'casechanger=expl3'.
 (C:\Program Files\MiKTeX\tex/latex/biblatex\blx-case-expl3.sty (C:\Program Files\MiKTeX\tex/latex/l3packages/xparse\xparse.sty
Package: xparse 2023-10-10 L3 Experimental document command parser
)
Package: blx-case-expl3 2023/03/05 v3.19 expl3 case changing code for biblatex
)) (C:\Program Files\MiKTeX\tex/latex/amscls\amsthm.sty
Package: amsthm 2020/05/29 v2.20.6
\thm@style=\toks26
\thm@bodyfont=\toks27
\thm@headfont=\toks28
\thm@notefont=\toks29
\thm@headpunct=\toks30
\thm@preskip=\skip76
\thm@postskip=\skip77
\thm@headsep=\skip78
\dth@everypar=\toks31
) (C:\Program Files\MiKTeX\tex/latex/algorithm2e\algorithm2e.sty
Package: algorithm2e 2017/07/18 v5.2 algorithms environments
\c@AlgoLine=\count421
\algocf@hangindent=\skip79
 (C:\Program Files\MiKTeX\tex/latex/ifoddpage\ifoddpage.sty
Package: ifoddpage 2022/10/18 v1.2 Conditionals for odd/even page detection
\c@checkoddpage=\count422
) (C:\Program Files\MiKTeX\tex/latex/relsize\relsize.sty
Package: relsize 2013/03/29 ver 4.1
)
\skiptotal=\skip80
\skiplinenumber=\skip81
\skiprule=\skip82
\skiphlne=\skip83
\skiptext=\skip84
\skiplength=\skip85
\algomargin=\skip86
\skipalgocfslide=\skip87
\algowidth=\dimen160
\inoutsize=\dimen161
\inoutindent=\dimen162
\interspacetitleruled=\dimen163
\interspacealgoruled=\dimen164
\interspacetitleboxruled=\dimen165
\algocf@ruledwidth=\skip88
\algocf@inoutbox=\box56
\algocf@inputbox=\box57
\AlCapSkip=\skip89
\AlCapHSkip=\skip90
\algoskipindent=\skip91
\algocf@nlbox=\box58
\algocf@hangingbox=\box59
\algocf@untilbox=\box60
\algocf@skipuntil=\skip92
\algocf@capbox=\box61
\algocf@lcaptionbox=\skip93
\algoheightruledefault=\skip94
\algoheightrule=\skip95
\algotitleheightruledefault=\skip96
\algotitleheightrule=\skip97
\c@algocfline=\count423
\c@algocfproc=\count424
\c@algocf=\count425
\algocf@algoframe=\box62
\algocf@algobox=\box63
) (C:\Program Files\MiKTeX\tex/latex/microtype\microtype.sty
Package: microtype 2024/12/12 v3.2 Micro-typographical refinements (RS)
\MT@toks=\toks32
\MT@tempbox=\box64
\MT@count=\count426
LaTeX Info: Redefining \noprotrusionifhmode on input line 1075.
LaTeX Info: Redefining \leftprotrusion on input line 1076.
\MT@prot@toks=\toks33
LaTeX Info: Redefining \rightprotrusion on input line 1095.
LaTeX Info: Redefining \textls on input line 1437.
\MT@outer@kern=\dimen166
LaTeX Info: Redefining \microtypecontext on input line 2041.
LaTeX Info: Redefining \textmicrotypecontext on input line 2058.
\MT@listname@count=\count427
 (C:\Program Files\MiKTeX\tex/latex/microtype\microtype-pdftex.def
File: microtype-pdftex.def 2024/12/12 v3.2 Definitions specific to pdftex (RS)
LaTeX Info: Redefining \lsstyle on input line 944.
LaTeX Info: Redefining \lslig on input line 944.
\MT@outer@space=\skip98
)
Package microtype Info: Loading configuration file microtype.cfg.
 (C:\Program Files\MiKTeX\tex/latex/microtype\microtype.cfg
File: microtype.cfg 2024/12/12 v3.2 microtype main configuration file (RS)
)
LaTeX Info: Redefining \microtypesetup on input line 3053.
) (C:\Program Files\MiKTeX\tex/latex/epigraph\epigraph.sty
Package: epigraph 2020/01/02 v1.5e typesetting epigraphs
 (C:\Program Files\MiKTeX\tex/latex/nextpage\nextpage.sty
Package: nextpage 2009/09/03 v1.1a additional page commands
)
\beforeepigraphskip=\skip99
\afterepigraphskip=\skip100
\epigraphwidth=\skip101
\epigraphrule=\skip102
) (C:\Program Files\MiKTeX\tex/latex/framed\framed.sty
Package: framed 2011/10/22 v 0.96: framed or shaded text with page breaks
\OuterFrameSep=\skip103
\fb@frw=\dimen167
\fb@frh=\dimen168
\FrameRule=\dimen169
\FrameSep=\dimen170
) (C:\Program Files\MiKTeX\tex/latex/blindtext\blindtext.sty
Package: blindtext 2012/01/06 V2.0 blindtext-Package
\c@blindtext=\count428
\c@Blindtext=\count429
\c@blind@countparstart=\count430
\blind@countxx=\count431
\blindtext@numBlindtext=\count432
\blind@countyy=\count433
\c@blindlist=\count434
\c@blindlistlevel=\count435
\c@blindlist@level=\count436
\blind@listitem=\count437
\c@blind@listcount=\count438
\c@blind@levelcount=\count439
\blind@mathformula=\count440
\blind@Mathformula=\count441
\c@blind@randomcount=\count442
\c@blind@randommax=\count443
\c@blind@pangramcount=\count444
\c@blind@pangrammax=\count445
) (C:\Program Files\MiKTeX\tex/latex/caption\subcaption.sty
Package: subcaption 2023/07/28 v1.6b Sub-captions (AR)
 (C:\Program Files\MiKTeX\tex/latex/caption\caption.sty
Package: caption 2023/08/05 v3.6o Customizing captions (AR)
 (C:\Program Files\MiKTeX\tex/latex/caption\caption3.sty
Package: caption3 2023/07/31 v2.4d caption3 kernel (AR)
\caption@tempdima=\dimen171
\captionmargin=\dimen172
\caption@leftmargin=\dimen173
\caption@rightmargin=\dimen174
\caption@width=\dimen175
\caption@indent=\dimen176
\caption@parindent=\dimen177
\caption@hangindent=\dimen178
Package caption Info: Standard document class detected.
)
\c@caption@flags=\count446
\c@continuedfloat=\count447
Package caption Info: hyperref package is loaded.
Package caption Info: listings package is loaded.
)
Package caption Info: New subtype `subfigure' on input line 238.
\c@subfigure=\count448
Package caption Info: New subtype `subtable' on input line 238.
\c@subtable=\count449
)
\c@recommendations=\count450
\@quotelevel=\count451
\@quotereset=\count452
 (main.aux)
\openout1 = `main.aux'.

LaTeX Font Info:    Checking defaults for OML/cmm/m/it on input line 104.
LaTeX Font Info:    ... okay on input line 104.
LaTeX Font Info:    Checking defaults for OMS/cmsy/m/n on input line 104.
LaTeX Font Info:    ... okay on input line 104.
LaTeX Font Info:    Checking defaults for OT1/cmr/m/n on input line 104.
LaTeX Font Info:    ... okay on input line 104.
LaTeX Font Info:    Checking defaults for T1/cmr/m/n on input line 104.
LaTeX Font Info:    ... okay on input line 104.
LaTeX Font Info:    Checking defaults for TS1/cmr/m/n on input line 104.
LaTeX Font Info:    ... okay on input line 104.
LaTeX Font Info:    Checking defaults for OMX/cmex/m/n on input line 104.
LaTeX Font Info:    ... okay on input line 104.
LaTeX Font Info:    Checking defaults for U/cmr/m/n on input line 104.
LaTeX Font Info:    ... okay on input line 104.
LaTeX Font Info:    Checking defaults for PD1/pdf/m/n on input line 104.
LaTeX Font Info:    ... okay on input line 104.
LaTeX Font Info:    Checking defaults for PU/pdf/m/n on input line 104.
LaTeX Font Info:    ... okay on input line 104.
Package hyperref Info: Link coloring OFF on input line 104.
\@outlinefile=\write4
\openout4 = `main.out'.

 (C:\Program Files\MiKTeX\tex/context/base/mkii\supp-pdf.mkii
[Loading MPS to PDF converter (version 2006.09.02).]
\scratchcounter=\count453
\scratchdimen=\dimen179
\scratchbox=\box65
\nofMPsegments=\count454
\nofMParguments=\count455
\everyMPshowfont=\toks34
\MPscratchCnt=\count456
\MPscratchDim=\dimen180
\MPnumerator=\count457
\makeMPintoPDFobject=\count458
\everyMPtoPDFconversion=\toks35
) (C:\Program Files\MiKTeX\tex/latex/epstopdf-pkg\epstopdf-base.sty
Package: epstopdf-base 2020-01-24 v2.11 Base part for package epstopdf
Package epstopdf-base Info: Redefining graphics rule for `.eps' on input line 485.
 (C:\Program Files\MiKTeX\tex/latex/00miktex\epstopdf-sys.cfg
File: epstopdf-sys.cfg 2021/03/18 v2.0 Configuration of epstopdf for MiKTeX
))
\c@lstlisting=\count459
Package biblatex Info: Trying to load language 'english'...
Package biblatex Info: ... file 'english.lbx' found.
 (C:\Program Files\MiKTeX\tex/latex/biblatex/lbx\english.lbx
File: english.lbx 2023/03/05 v3.19 biblatex localization (PK/MW)
)
Package biblatex Info: Input encoding 'utf8' detected.
Package biblatex Info: Automatic encoding selection.
(biblatex)             Assuming data encoding 'utf8'.
\openout3 = `main.bcf'.

Package biblatex Info: Trying to load bibliographic data...
Package biblatex Info: ... file 'main.bbl' not found.

No file main.bbl.
Package biblatex Info: Reference section=0 on input line 104.
Package biblatex Info: Reference segment=0 on input line 104.
LaTeX Info: Redefining \microtypecontext on input line 104.
Package microtype Info: Applying patch `item' on input line 104.
Package microtype Info: Applying patch `toc' on input line 104.
Package microtype Info: Applying patch `eqnum' on input line 104.
Package microtype Info: Applying patch `footnote' on input line 104.
Package microtype Info: Applying patch `verbatim' on input line 104.
LaTeX Info: Redefining \microtypesetup on input line 104.
Package microtype Info: Generating PDF output.
Package microtype Info: Character protrusion enabled (level 2).
Package microtype Info: Using default protrusion set `alltext'.
Package microtype Info: Automatic font expansion enabled (level 2),
(microtype)             stretch: 20, shrink: 20, step: 1, non-selected.
Package microtype Info: Using default expansion set `alltext-nott'.
LaTeX Info: Redefining \showhyphens on input line 104.
Package microtype Info: No adjustment of tracking.
Package microtype Info: No adjustment of interword spacing.
Package microtype Info: No adjustment of character kerning.
(C:\Program Files\MiKTeX\tex/latex/microtype\mt-cmr.cfg
File: mt-cmr.cfg 2013/05/19 v2.2 microtype config. file: Computer Modern Roman (RS)
)
Package caption Info: Begin \AtBeginDocument code.
Package caption Info: End \AtBeginDocument code.
 [1

{C:/Users/cloud/AppData/Local/MiKTeX/fonts/map/pdftex/pdftex.map}]
pdfTeX warning (ext4): destination with the same identifier (name{page.1}) has been already used, duplicate ignored
<to be read again> 
                   \relax 
l.117 \end{abstract}
                     [1]
Chapter 1.

pdfTeX warning (ext4): destination with the same identifier (name{page.1}) has been already used, duplicate ignored
<to be read again> 
                   \relax 
l.128 \tableofcontents
                      {} % Generates table of contents from sections and sub... [1

]
No file main.toc.
\tf@toc=\write5
\openout5 = `main.toc'.

[2

]
Chapter 2.
[3

]

LaTeX Warning: Citation 'Foley_2020' on page 4 undefined on input line 160.


LaTeX Warning: Citation 'chrome' on page 4 undefined on input line 160.


LaTeX Warning: Citation 'Alexander_2024' on page 4 undefined on input line 162.


LaTeX Warning: Citation 'kolb2019portability' on page 4 undefined on input line 164.


LaTeX Warning: Citation 'Yadav_2021' on page 4 undefined on input line 164.

[4]

LaTeX Warning: Citation 'Paquin_2010' on page 5 undefined on input line 172.


LaTeX Warning: Citation 'Warren2013' on page 5 undefined on input line 172.


LaTeX Warning: Citation 'Weinstein_2024' on page 5 undefined on input line 172.


Overfull \hbox (37.52097pt too wide) in paragraph at lines 172--173
[]\OT1/cmr/m/n/10 (-20) These platform-specific in-con-gruities have of-ten the tar-get of user anger[[]],
 []


LaTeX Warning: Citation 'Knight_2023' on page 5 undefined on input line 175.


LaTeX Warning: Citation 'AIWinter' on page 5 undefined on input line 175.

[5]

LaTeX Warning: Citation 'MILLER2003141' on page 6 undefined on input line 178.


LaTeX Warning: Citation 'ELIZA' on page 6 undefined on input line 178.


LaTeX Warning: Citation 'Gershgorn_2017' on page 6 undefined on input line 178.


LaTeX Warning: Citation 'netflix' on page 6 undefined on input line 178.


LaTeX Warning: Citation 'vaswani2023attentionneed' on page 6 undefined on input line 178.


LaTeX Warning: Citation 'Love_2023' on page 6 undefined on input line 178.


LaTeX Warning: Citation 'Huang1996ComputerVE' on page 6 undefined on input line 183.


LaTeX Warning: Citation 'culjak2012brief' on page 6 undefined on input line 183.

[6]

LaTeX Warning: Citation 'Eguchi_1973' on page 7 undefined on input line 194.


LaTeX Warning: Citation 'Google_2024' on page 7 undefined on input line 196.


LaTeX Warning: Citation 'MetaPlatforms2024' on page 7 undefined on input line 196.


LaTeX Warning: Citation 'Dolby_Laboratories_2016' on page 7 undefined on input line 198.


LaTeX Warning: Citation 'Cox_2020' on page 7 undefined on input line 198.


LaTeX Warning: Citation 'liboa2020hardware' on page 7 undefined on input line 205.


LaTeX Warning: Citation 'lomont2003fast' on page 7 undefined on input line 205.

[7]

LaTeX Warning: Citation 'Kuchera_2009' on page 8 undefined on input line 208.


LaTeX Warning: Citation 'Copetti_2021' on page 8 undefined on input line 208.


LaTeX Warning: Citation 'Copetti_2020' on page 8 undefined on input line 208.


LaTeX Warning: Citation 'gregory2018game' on page 8 undefined on input line 210.


LaTeX Warning: Citation 'Foley_2015' on page 8 undefined on input line 214.


LaTeX Warning: Citation 'Cobbett_2017' on page 8 undefined on input line 214.


LaTeX Warning: Citation 'CBResearch_2018' on page 8 undefined on input line 214.


LaTeX Warning: Citation 'Sinclair_2012' on page 8 undefined on input line 214.

[8] [9] [10]
Chapter 3.

LaTeX Warning: Citation 'dobson2023birth' on page 11 undefined on input line 243.


LaTeX Warning: Citation 'imageprocessing' on page 11 undefined on input line 248.


LaTeX Warning: Citation 'marion2013introduction' on page 11 undefined on input line 248.


LaTeX Warning: Citation 'petrou2010image' on page 11 undefined on input line 252.

[11

]

LaTeX Warning: Citation 'bigas2006review' on page 12 undefined on input line 254.


LaTeX Warning: Citation 'subpixel' on page 12 undefined on input line 256.


LaTeX Warning: Citation 'saha2000image' on page 12 undefined on input line 256.


LaTeX Warning: Citation 'yu2023techniques' on page 12 undefined on input line 259.


LaTeX Warning: Citation 'kmeans' on page 12 undefined on input line 267.

<./figures/kmean1.png, id=109, 499.8675pt x 481.8pt>
File: ./figures/kmean1.png Graphic file (type png)
<use ./figures/kmean1.png>
Package pdftex.def Info: ./figures/kmean1.png  used on input line 272.
(pdftex.def)             Requested size: 98.32568pt x 94.77032pt.
<./figures/kmean2.png, id=111, 558.085pt x 481.8pt>
File: ./figures/kmean2.png Graphic file (type png)
<use ./figures/kmean2.png>
Package pdftex.def Info: ./figures/kmean2.png  used on input line 276.
(pdftex.def)             Requested size: 98.32568pt x 84.88234pt.
<./figures/kmean3.png, id=112, 558.085pt x 481.8pt>
File: ./figures/kmean3.png Graphic file (type png)
<use ./figures/kmean3.png>
Package pdftex.def Info: ./figures/kmean3.png  used on input line 280.
(pdftex.def)             Requested size: 98.32568pt x 84.88234pt.

LaTeX Warning: Citation 'kmeanspic' on page 12 undefined on input line 283.


LaTeX Warning: Citation 'kmeanspic' on page 12 undefined on input line 283.

<./figures/kmeansreal1.jpg, id=113, 321.2pt x 209.78375pt>
File: ./figures/kmeansreal1.jpg Graphic file (type jpg)
<use ./figures/kmeansreal1.jpg>
Package pdftex.def Info: ./figures/kmeansreal1.jpg  used on input line 290.
(pdftex.def)             Requested size: 98.32568pt x 64.21921pt.
<./figures/kmeansreal2.png, id=114, 321.2pt x 209.78375pt>
File: ./figures/kmeansreal2.png Graphic file (type png)
<use ./figures/kmeansreal2.png>
Package pdftex.def Info: ./figures/kmeansreal2.png  used on input line 294.
(pdftex.def)             Requested size: 98.32568pt x 64.21921pt.
<./figures/kmeansreal3.png, id=115, 321.2pt x 209.78375pt>
File: ./figures/kmeansreal3.png Graphic file (type png)
<use ./figures/kmeansreal3.png>
Package pdftex.def Info: ./figures/kmeansreal3.png  used on input line 298.
(pdftex.def)             Requested size: 98.32568pt x 64.21921pt.

LaTeX Warning: Citation 'kmeanspicreal' on page 12 undefined on input line 301.


LaTeX Warning: Citation 'kmeanspicreal' on page 12 undefined on input line 301.

[12]

LaTeX Warning: Citation 'ziou1998edge' on page 13 undefined on input line 308.


LaTeX Warning: Citation 'hashimoto1987multiple' on page 13 undefined on input line 318.


LaTeX Warning: Citation 'maver2009self' on page 13 undefined on input line 320.


LaTeX Warning: Citation 'Harris' on page 13 undefined on input line 320.

[13 <./figures/kmean1.png> <./figures/kmean2.png> <./figures/kmean3.png> <./figures/kmeansreal1.jpg> <./figures/kmeansreal2.png> <./figures/kmeansreal3.png>]

LaTeX Warning: Citation 'opencv_library' on page 14 undefined on input line 324.


LaTeX Warning: Citation 'mahesh2020machine' on page 14 undefined on input line 330.


LaTeX Warning: Citation 'jordan2015machine' on page 14 undefined on input line 332.


LaTeX Warning: Citation 'mahesh2020machine' on page 14 undefined on input line 334.


LaTeX Warning: Citation 'dongare2012introduction' on page 14 undefined on input line 338.

[14]

LaTeX Warning: Citation 'lecun2015deep' on page 15 undefined on input line 342.


LaTeX Warning: Citation 'minaee2021deep' on page 15 undefined on input line 342.


LaTeX Warning: Citation 'kaelbling1996reinforcement' on page 15 undefined on input line 346.


LaTeX Warning: Citation 'NEAT' on page 15 undefined on input line 346.


LaTeX Warning: Citation 'sethbling' on page 15 undefined on input line 351.


LaTeX Warning: Citation 'Souppouris_2015' on page 15 undefined on input line 351.


LaTeX Warning: Citation 'Gallagher_2015' on page 15 undefined on input line 351.


LaTeX Warning: Citation 'Hendrickson_2015' on page 15 undefined on input line 351.

[15]

LaTeX Warning: Citation 'wang2016deep' on page 16 undefined on input line 361.


LaTeX Warning: Citation 'zhao2019objectdetectiondeeplearning' on page 16 undefined on input line 361.


LaTeX Warning: Citation 'audiodisplays' on page 16 undefined on input line 369.


LaTeX Warning: Citation 'kramer1994auditory' on page 16 undefined on input line 369.


LaTeX Warning: Citation 'vickers2017directsegmentedsonificationcharacteristic' on page 16 undefined on input line 369.


LaTeX Warning: Citation 'kramer2010sonification' on page 16 undefined on input line 369.

[16]

LaTeX Warning: Citation 'middlebrooks2015sound' on page 17 undefined on input line 374.


LaTeX Warning: Citation 'middlebrooks2015sound' on page 17 undefined on input line 374.


LaTeX Warning: Citation 'woodworth1954experimental' on page 17 undefined on input line 380.


LaTeX Warning: Citation 'li2020measurement' on page 17 undefined on input line 384.


LaTeX Warning: Citation 'moller1995head' on page 17 undefined on input line 384.

[17]

LaTeX Warning: Citation 'roommodel' on page 18 undefined on input line 387.


LaTeX Warning: Citation '3daudio' on page 18 undefined on input line 387.


LaTeX Warning: Citation 'Pfanzagl-Cardone2023' on page 18 undefined on input line 389.


LaTeX Warning: Citation 'dewey2024practitioners' on page 18 undefined on input line 389.


LaTeX Warning: Citation 'Popcap_2008' on page 18 undefined on input line 397.


LaTeX Warning: Citation 'yuan2011game' on page 18 undefined on input line 397.


LaTeX Warning: Citation 'Richert' on page 18 undefined on input line 397.


LaTeX Warning: Citation 'miesenberger2008more' on page 18 undefined on input line 399.


LaTeX Warning: Citation 'garber2013game' on page 18 undefined on input line 399.


LaTeX Warning: Citation 'porter2013empirical' on page 18 undefined on input line 399.


LaTeX Warning: Citation 'AudioArchery' on page 18 undefined on input line 399.


LaTeX Warning: Citation 'atkinson2006making' on page 18 undefined on input line 399.


LaTeX Warning: Citation 'porter2013empirical' on page 18 undefined on input line 399.

[18]

LaTeX Warning: Citation 'yuan2011game' on page 19 undefined on input line 402.


LaTeX Warning: Citation 'world1980international' on page 19 undefined on input line 402.


LaTeX Warning: Citation 'accessguidelines' on page 19 undefined on input line 402.


LaTeX Warning: Citation 'yuan2011game' on page 19 undefined on input line 402.


LaTeX Warning: Citation 'yuan2011game' on page 19 undefined on input line 404.


LaTeX Warning: Citation 'prazaru2020overview' on page 19 undefined on input line 407.


LaTeX Warning: Citation 'nudo2006plasticity' on page 19 undefined on input line 407.


LaTeX Warning: Citation 'agrimi2024game' on page 19 undefined on input line 407.

Package microtype Info: Loading generic protrusion settings for font family
(microtype)             `cmtt' (encoding: OT1).
(microtype)             For optimal results, create family-specific settings.
(microtype)             See the microtype manual for details.
[19]

LaTeX Warning: Citation 'Audiogames' on page 20 undefined on input line 414.


LaTeX Warning: Citation 'friberg2004audio' on page 20 undefined on input line 420.


LaTeX Warning: Citation 'urbanek2019unpacking' on page 20 undefined on input line 423.


LaTeX Warning: Citation 'Torres_2005' on page 20 undefined on input line 425.


LaTeX Warning: Citation 'GMA_Games' on page 20 undefined on input line 427.


LaTeX Warning: Citation 'atkinson2006making' on page 20 undefined on input line 427.


LaTeX Warning: Citation 'Atkinson2009' on page 20 undefined on input line 427.

[20]

LaTeX Warning: Citation 'friberg2004audio' on page 21 undefined on input line 430.


LaTeX Warning: Citation 'yuan2008blind' on page 21 undefined on input line 430.


LaTeX Warning: Citation 'miller2007finger' on page 21 undefined on input line 430.


LaTeX Warning: Citation 'metris' on page 21 undefined on input line 430.


LaTeX Warning: Citation 'blinddrive' on page 21 undefined on input line 430.


Overfull \hbox (9.98541pt too wide) in paragraph at lines 430--431
\OT1/cmr/m/it/10 (-20) Car Rac-ing\OT1/cmr/m/n/10 (-20) ---a re-make of Namco's ar-cade clas-sic \OT1/cmr/m/it/10 (-20) Pole Po-si-tion \OT1/cmr/m/n/10 (-20) [[]].
 []


LaTeX Warning: Citation 'shafaei2016play' on page 21 undefined on input line 435.


LaTeX Warning: Citation 'richter2016playing' on page 21 undefined on input line 435.


LaTeX Warning: Citation 'qiu2016unrealcv' on page 21 undefined on input line 435.


LaTeX Warning: Citation 'paduraru2021automated' on page 21 undefined on input line 435.


LaTeX Warning: Citation 'chursin2021using' on page 21 undefined on input line 437.


LaTeX Warning: Citation 'webgame' on page 21 undefined on input line 437.


LaTeX Warning: Citation 'erdelyi2019using' on page 21 undefined on input line 441.


LaTeX Warning: Citation 'vallejo2011applying' on page 21 undefined on input line 441.


LaTeX Warning: Citation 'StreetFighter' on page 21 undefined on input line 441.


Overfull \hbox (65.65266pt too wide) in paragraph at lines 441--442
\OT1/cmr/m/n/10 (-20) niques and a be-spoke al-go-rithm to achieve computer-automated gam-ing. [[]]
 []

[21] [22]
Chapter 4.
[23

]

LaTeX Warning: Citation 'Lewin_2023' on page 24 undefined on input line 484.


LaTeX Warning: Citation 'Costikyan_2000' on page 24 undefined on input line 484.


LaTeX Warning: Citation 'opencv_library' on page 24 undefined on input line 487.

[24]

LaTeX Warning: Citation 'Knight_2023' on page 25 undefined on input line 491.


LaTeX Warning: Citation 'Meredith_2023' on page 25 undefined on input line 491.


LaTeX Warning: Citation 'Brynjolfsson_McAfee_2017' on page 25 undefined on input line 491.


LaTeX Warning: Citation 'Heikkil√§_2022' on page 25 undefined on input line 491.

Missing character: There is no √ in font cmbx10!
Missing character: There is no § in font cmbx10!

LaTeX Warning: Citation 'Wiggers_2022' on page 25 undefined on input line 491.


LaTeX Warning: Citation 'tensorflow2015-whitepaper' on page 25 undefined on input line 491.


Overfull \hbox (130.8737pt too wide) in paragraph at lines 491--492
 []\OT1/cmr/bx/n/10 (-20) The Mod-ern AI Boom[] \OT1/cmr/m/n/10 (-20) On top of this, the re-cent 'boom' in AI technologies[[]][[]]
 []


Overfull \hbox (17.94904pt too wide) in paragraph at lines 491--492
\OT1/cmr/m/n/10 (-20) moc-ra-ti-za-tion of AI tools and systems[[]][[]].
 []


LaTeX Warning: Citation 'Brunelli2009-gh' on page 25 undefined on input line 497.


LaTeX Warning: Citation 'Hildreth1980' on page 25 undefined on input line 497.


LaTeX Warning: Citation 'Harris' on page 25 undefined on input line 497.


Overfull \hbox (11.97115pt too wide) in paragraph at lines 497--498
\OT1/cmr/m/n/10 (-20) Many well-proven pre-AI techniques---such as \OT1/cmr/m/it/10 (-20) tem-plate match-ing\OT1/cmr/m/n/10 (-20) [[]]
 []


LaTeX Warning: Citation 'ApplePods' on page 25 undefined on input line 500.


LaTeX Warning: Citation 'Campbell_2025' on page 25 undefined on input line 500.


LaTeX Warning: Citation 'Antti2024' on page 25 undefined on input line 500.


LaTeX Warning: Citation 'McCormack2024' on page 25 undefined on input line 503.


LaTeX Warning: Citation 'Valve' on page 25 undefined on input line 503.


LaTeX Warning: Citation 'QTProgramming' on page 25 undefined on input line 503.


LaTeX Warning: Citation 'QTSpatial' on page 25 undefined on input line 503.


Overfull \hbox (55.82544pt too wide) in paragraph at lines 503--504
\OT1/cmr/m/n/10 (-20) in con-sumer de-mand. Fan driven ef-forts like the \OT1/cmr/m/it/10 (-20) Spa-tial[]Audio[]Framework\OT1/cmr/m/n/10 (-20) [[]]
 []


Overfull \hbox (6.21695pt too wide) in paragraph at lines 503--504
\OT1/cmr/m/n/10 (-20) as well as company-produced projects such as Valve Soft-ware's Steam Audio[[]]
 []


Overfull \hbox (11.78735pt too wide) in paragraph at lines 503--504
\OT1/cmr/m/n/10 (-20) the quarter-century old \OT1/cmr/m/it/10 (-20) Qt \OT1/cmr/m/n/10 (-20) ap-pli-ca-tion de-vel-op-ment framework[[]],
 []

[25] [26] [27] [28]

LaTeX Warning: Citation 'churchill2019magicgatheringturingcomplete' on page 29 undefined on input line 629.


LaTeX Warning: Citation 'Hildreth1980' on page 29 undefined on input line 629.


LaTeX Warning: Citation 'Demaine' on page 29 undefined on input line 629.


LaTeX Warning: Citation 'Mawhorter_Aytemiz_Karth_Smith_2021' on page 29 undefined on input line 629.


LaTeX Warning: Citation 'OoT' on page 29 undefined on input line 629.


Overfull \hbox (116.46155pt too wide) in paragraph at lines 629--630
\OT1/cmr/m/n/10 (-20) dis-cov-ered, which has been demon-strated us-ing \OT1/cmr/m/it/10 (-20) Su-per Metroid\OT1/cmr/m/n/10 (-20) [[]],
 []


LaTeX Warning: Citation 'Knoop_2021' on page 29 undefined on input line 633.

[29]

LaTeX Warning: Citation 'Chomsky1956ThreeMF' on page 30 undefined on input line 643.


Overfull \hbox (10.03366pt too wide) in paragraph at lines 643--644
\OT1/cmr/m/n/10 (-20) chine, to Type-3, which de-scribes fi-nite state au-tomata [[]].
 []


LaTeX Warning: Citation 'FSM' on page 30 undefined on input line 649.


LaTeX Warning: Citation 'Turing' on page 30 undefined on input line 653.


LaTeX Warning: Citation 'Turing_2004' on page 30 undefined on input line 653.


LaTeX Warning: Citation 'FSM' on page 30 undefined on input line 655.

[30]

LaTeX Warning: Citation 'NDFSA' on page 31 undefined on input line 659.


LaTeX Warning: Citation 'state' on page 31 undefined on input line 669.


LaTeX Warning: Citation 'FSM' on page 31 undefined on input line 671.


LaTeX Warning: Citation 'omg2011umls' on page 31 undefined on input line 671.

[31] [32] [33] [34] [35]
\c@q1=\count460
 [36]

LaTeX Warning: Citation 'wang2022yolov7trainablebagoffreebiessets' on page 37 undefined on input line 803.

[37]

LaTeX Warning: Citation 'make-sense' on page 38 undefined on input line 818.


LaTeX Warning: Citation 'Roboflow_Supervision' on page 38 undefined on input line 818.

[38] [39]

LaTeX Warning: Citation 'PrintWindow' on page 40 undefined on input line 866.


LaTeX Warning: Citation 'XGetWindow' on page 40 undefined on input line 866.

[40] [41] [42] [43] [44] [45] [46] [47] [48] [49]

LaTeX Warning: Citation 'Newman2017Atari' on page 50 undefined on input line 1133.


LaTeX Warning: Citation 'nasaw1999going' on page 50 undefined on input line 1133.


LaTeX Warning: Citation 'theycreateworlds' on page 50 undefined on input line 1135.

[50]

LaTeX Warning: Citation 'abelsonstructure' on page 51 undefined on input line 1150.

[51] [52]

LaTeX Warning: Reference `fig:design_code_examples' on page 53 undefined on input line 1180.

(C:\Program Files\MiKTeX\tex/latex/listings\lstlang1.sty
File: lstlang1.sty 2023/02/27 1.9 listings language file
)
LaTeX Font Info:    Trying to load font information for OML+cmr on input line 1187.
 (C:\Program Files\MiKTeX\tex/latex/base\omlcmr.fd
File: omlcmr.fd 2023/04/13 v2.5m Standard LaTeX font definitions
)
LaTeX Font Info:    Font shape `OML/cmr/m/n' in size <10> not available
(Font)              Font shape `OML/cmm/m/it' tried instead on input line 1187.

Overfull \hbox (3.00354pt too wide) in paragraph at lines 1194--1195
[][][][][][][][][][][][][] 
 []

[53]

LaTeX Warning: Citation 'DSL' on page 54 undefined on input line 1214.


LaTeX Warning: Citation 'UnixProg' on page 54 undefined on input line 1214.


LaTeX Warning: Reference `fig:dsl_examples' on page 54 undefined on input line 1236.

LaTeX Font Info:    Trying to load font information for OMS+cmr on input line 1243.
(C:\Program Files\MiKTeX\tex/latex/base\omscmr.fd
File: omscmr.fd 2023/04/13 v2.5m Standard LaTeX font definitions
)
LaTeX Font Info:    Font shape `OMS/cmr/m/n' in size <9> not available
(Font)              Font shape `OMS/cmsy/m/n' tried instead on input line 1243.
LaTeX Font Info:    Font shape `OMS/cmr/m/n' in size <10> not available
(Font)              Font shape `OMS/cmsy/m/n' tried instead on input line 1247.
 [54] [55] [56] [57]

LaTeX Warning: Citation 'Spellman:24:WAG' on page 58 undefined on input line 1328.

[58] [59]
Chapter 5.
[60

] [61]

LaTeX Warning: Citation 'o2015pillars' on page 62 undefined on input line 1401.


LaTeX Warning: Citation 'de2015tennis' on page 62 undefined on input line 1401.


LaTeX Warning: Citation 'Ahoy_2019' on page 62 undefined on input line 1401.


LaTeX Warning: Citation 'raessens2011handbook' on page 62 undefined on input line 1401.


Overfull \hbox (32.8486pt too wide) in paragraph at lines 1401--1402
\OT1/cmr/m/n/10 (-20) con-sid-ered by many to be the 'first' video game ever re-leased[][][] [[]]. 
 []

[62] [63] [64]

LaTeX Warning: Citation 'gamma1994design' on page 65 undefined on input line 1443.


LaTeX Warning: Citation 'googleRepo' on page 65 undefined on input line 1445.

[65]

LaTeX Warning: Citation 'OpenCV' on page 66 undefined on input line 1487.

[66]

LaTeX Warning: Citation 'QT_Doc' on page 67 undefined on input line 1493.


LaTeX Warning: Citation 'QT_EX' on page 67 undefined on input line 1493.

[67]

LaTeX Warning: Reference `' on page 68 undefined on input line 1514.


LaTeX Warning: Reference `' on page 68 undefined on input line 1514.

[68]
LaTeX Font Info:    Font shape `OT1/cmtt/bx/n' in size <10> not available
(Font)              Font shape `OT1/cmtt/m/n' tried instead on input line 1541.
 [69]

LaTeX Warning: Reference `' on page 70 undefined on input line 1547.

[70]
Overfull \hbox (7.0628pt too wide) in paragraph at lines 1567--1568
\OT1/cmr/m/n/10 (-20) The act of lis-ten-ing to au-dio with head-phones is an in-heri-ently iso-lat-ing experience---
 []

[71] [72]
Package hyperref Info: bookmark level for unknown lstlisting defaults to 0 on input line 1609.

Overfull \hbox (99.00452pt too wide) in paragraph at lines 1611--1612
[][][][][][][][][][][][][][][][][][][][][][][][][][][][][][] 
 []


Overfull \hbox (93.00446pt too wide) in paragraph at lines 1612--1613
[][][][][][][][][][][][][][][][][][][][][][][][][][][][][] 
 []


Overfull \hbox (171.00525pt too wide) in paragraph at lines 1619--1620
[][][][][][][][][][][][][][][][][][][][][][][][][][][][] 
 []

[73] [74]
Chapter 6.
[75

]
Chapter 7.
[76

]

LaTeX Warning: Empty bibliography on input line 1673.

[77] (main.aux)
 ***********
LaTeX2e <2023-11-01> patch level 1
L3 programming layer <2024-01-04>
 ***********


LaTeX Warning: There were undefined references.


LaTeX Warning: Label(s) may have changed. Rerun to get cross-references right.


Package rerunfilecheck Warning: File `main.out' has changed.
(rerunfilecheck)                Rerun to get outlines right
(rerunfilecheck)                or use package `bookmark'.

Package rerunfilecheck Info: Checksums for `main.out':
(rerunfilecheck)             Before: <no file>
(rerunfilecheck)             After:  BA940847EAFAA45B0F3B10A45299A1C4;10527.

Package biblatex Warning: Please (re)run Biber on the file:
(biblatex)                main
(biblatex)                and rerun LaTeX afterwards.

Package logreq Info: Writing requests to 'main.run.xml'.
\openout1 = `main.run.xml'.

 ) 
Here is how much of TeX's memory you used:
 23899 strings out of 474486
 404567 string characters out of 5753569
 1950542 words of memory out of 5000000
 45201 multiletter control sequences out of 15000+600000
 582830 words of font info for 261 fonts, out of 8000000 for 9000
 1141 hyphenation exceptions out of 8191
 75i,12n,81p,1548b,1625s stack positions out of 10000i,1000n,20000p,200000b,200000s

pdfTeX warning (dest): name{Hfootnote.9} has been referenced but does not exist, replaced by a fixed one

 <C:\Users\cloud\AppData\Local\MiKTeX\fonts/pk/ljfour/jknappen/ec/dpi600\tcrm1000.pk><C:/Program Files/MiKTeX/fonts/type1/public/amsfonts/cm/cmbx10.pfb><C:/Program Files/MiKTeX/fonts/type1/public/amsfonts/cm/cmbx12.pfb><C:/Program Files/MiKTeX/fonts/type1/public/amsfonts/cm/cmbx8.pfb><C:/Program Files/MiKTeX/fonts/type1/public/amsfonts/cm/cmbxti10.pfb><C:/Program Files/MiKTeX/fonts/type1/public/amsfonts/cm/cmex10.pfb><C:/Program Files/MiKTeX/fonts/type1/public/amsfonts/cm/cmmi10.pfb><C:/Program Files/MiKTeX/fonts/type1/public/amsfonts/cm/cmmi7.pfb><C:/Program Files/MiKTeX/fonts/type1/public/amsfonts/cm/cmmi9.pfb><C:/Program Files/MiKTeX/fonts/type1/public/amsfonts/cm/cmr10.pfb><C:/Program Files/MiKTeX/fonts/type1/public/amsfonts/cm/cmr12.pfb><C:/Program Files/MiKTeX/fonts/type1/public/amsfonts/cm/cmr17.pfb><C:/Program Files/MiKTeX/fonts/type1/public/amsfonts/cm/cmr6.pfb><C:/Program Files/MiKTeX/fonts/type1/public/amsfonts/cm/cmr7.pfb><C:/Program Files/MiKTeX/fonts/type1/public/amsfonts/cm/cmr8.pfb><C:/Program Files/MiKTeX/fonts/type1/public/amsfonts/cm/cmr9.pfb><C:/Program Files/MiKTeX/fonts/type1/public/amsfonts/cm/cmsy10.pfb><C:/Program Files/MiKTeX/fonts/type1/public/amsfonts/cm/cmsy9.pfb><C:/Program Files/MiKTeX/fonts/type1/public/amsfonts/cm/cmti10.pfb><C:/Program Files/MiKTeX/fonts/type1/public/amsfonts/cm/cmti8.pfb><C:/Program Files/MiKTeX/fonts/type1/public/amsfonts/cm/cmtt10.pfb><C:/Program Files/MiKTeX/fonts/type1/public/amsfonts/cm/cmtt8.pfb>
Output written on main.pdf (79 pages, 770777 bytes).
PDF statistics:
 854 PDF objects out of 1000 (max. 8388607)
 378 named destinations out of 1000 (max. 500000)
 54303 words of extra memory for PDF output out of 61914 (max. 10000000)

